Arguments: 
  C:\Program Files\nodejs\node.exe D:\Yarn\bin\yarn.js install

PATH: 
  D:\oracle\product\10.2.0\db_2\BIN;D:\Java\jdk1.8.0_101\bin;D:\Java\jdk1.8.0_101\jre\bin;C:\ProgramData\Oracle\Java\javapath;C:\Program Files (x86)\Intel\Intel(R) Management Engine Components\iCLS\;C:\Program Files\Intel\Intel(R) Management Engine Components\iCLS\;C:\Windows\system32;C:\Windows;C:\Windows\System32\Wbem;C:\Windows\System32\WindowsPowerShell\v1.0\;C:\Program Files (x86)\Intel\Intel(R) Management Engine Components\DAL;C:\Program Files\Intel\Intel(R) Management Engine Components\DAL;C:\Program Files (x86)\Intel\Intel(R) Management Engine Components\IPT;C:\Program Files\Intel\Intel(R) Management Engine Components\IPT;C:\Program Files (x86)\NVIDIA Corporation\PhysX\Common;C:\Program Files\Intel\WiFi\bin\;C:\Program Files\Common Files\Intel\WirelessCommon\;D:\TortoiseSVN\bin;D:\IBM\SQLLIB\BIN;D:\IBM\SQLLIB\FUNCTION;D:\IBM\SQLLIB\SAMPLES\REPL;D:\SqlServer\Microsoft SQL Server\110\Tools\Binn\;D:\SqlServer\Program Files (x86)\Microsoft SQL Server\110\Tools\Binn\;D:\SqlServer\Microsoft SQL Server\110\DTS\Binn\;D:\SqlServer\Program Files (x86)\Microsoft SQL Server\110\Tools\Binn\ManagementStudio\;C:\Program Files (x86)\Microsoft Visual Studio 10.0\Common7\IDE\PrivateAssemblies\;D:\SqlServer\Program Files (x86)\Microsoft SQL Server\110\DTS\Binn\;D:\apache-maven-3.5.0-kc\bin;C:\WINDOWS\system32;C:\WINDOWS;C:\WINDOWS\System32\Wbem;C:\WINDOWS\System32\WindowsPowerShell\v1.0\;C:\WINDOWS\System32\OpenSSH\;D:\mysql-8.0.12\bin;D:\Git\bin;D:\Git\mingw64\libexec\git-core;D:\nvm;C:\Program Files\nodejs;C:\Program Files\NVIDIA Corporation\NVIDIA NvDLISR;D:\Android\SDK\platform-tools;D:\Android\SDK\tools;D:\Yarn\bin\;C:\WINDOWS\system32;C:\WINDOWS;C:\WINDOWS\System32\Wbem;C:\WINDOWS\System32\WindowsPowerShell\v1.0\;C:\WINDOWS\System32\OpenSSH\;D:\MongoDB\Server\4.2\bin;C:\Program Files (x86)\dotnet\;D:\Ruby23\bin;C:\Users\xiang wang\AppData\Local\Microsoft\WindowsApps;D:\Microsoft VS Code\bin;D:\nvm;C:\Program Files\nodejs;C:\Users\xiang wang\AppData\Local\BypassRuntm;C:\Program Files\Bandizip\;C:\Users\xiang wang\AppData\Local\Yarn\bin;C:\Users\xiang wang\AppData\Local\Microsoft\WindowsApps;;D:\IntelliJ IDEA 2020.1\bin;

Yarn version: 
  1.17.3

Node version: 
  14.15.0

Platform: 
  win32 x64

Trace: 
  Error: connect ETIMEDOUT 124.225.167.208:443
      at TCPConnectWrap.afterConnect [as oncomplete] (net.js:1146:16)

npm manifest: 
  {
    "name": "07hmr-example",
    "version": "1.0.0",
    "description": "",
    "main": "webpack.config.js",
    "scripts": {
      "test": "echo \"Error: no test specified\" && exit 1"
    },
    "keywords": [],
    "author": "",
    "license": "ISC",
    "devDependencies": {
      "css-loader": "^3.2.0",
      "file-loader": "^4.2.0",
      "html-webpack-plugin": "^3.2.0",
      "style-loader": "^1.0.0",
      "webpack": "^4.41.2",
      "webpack-cli": "^3.3.9",
      "webpack-dev-server": "^3.9.0"
    }
  }

yarn manifest: 
  No manifest

Lockfile: 
  No lockfile
